sounds/app/build/intermediates/manifest_merge_blame_file/debug/manifest-merger-blame-debug-report.txt
1<?xml version="1.0" encoding="utf-8"?>
2<manifest xmlns:android="http://schemas.android.com/apk/res/android"
3    package="com.example.a20qprojet"
4    android:versionCode="1"
5    android:versionName="1.0" >
6
7    <uses-sdk
8        android:minSdkVersion="23"
8-->src\main\AndroidManifest.xml
9        android:targetSdkVersion="29" />
9-->src\main\AndroidManifest.xml
10
11    <!-- Although the *SdkVersion is captured in gradle build files, this is required for non gradle builds -->
12    <!-- <uses-sdk android:minSdkVersion="14"/> -->
13    <uses-permission android:name="android.permission.ACCESS_NETWORK_STATE" />
13-->[com.google.firebase:firebase-database:19.5.1] AndroidManifest.xml:25:5-79
13-->[com.google.firebase:firebase-database:19.5.1] AndroidManifest.xml:25:22-76
14    <uses-permission android:name="android.permission.INTERNET" />
14-->[com.google.firebase:firebase-database:19.5.1] AndroidManifest.xml:26:5-67
14-->[com.google.firebase:firebase-database:19.5.1] AndroidManifest.xml:26:22-64
15
16    <supports-screens
16-->[:launcher-debug] AndroidManifest.xml:14:5-19:40
17        android:anyDensity="true"
17-->[:launcher-debug] AndroidManifest.xml:15:9-34
18        android:largeScreens="true"
18-->[:launcher-debug] AndroidManifest.xml:16:9-36
19        android:normalScreens="true"
19-->[:launcher-debug] AndroidManifest.xml:17:9-37
20        android:smallScreens="true"
20-->[:launcher-debug] AndroidManifest.xml:18:9-36
21        android:xlargeScreens="true" />
21-->[:launcher-debug] AndroidManifest.xml:19:9-37
22
23    <uses-feature android:glEsVersion="0x00030000" />
23-->[:unityLibrary] AndroidManifest.xml:13:5-54
23-->[:unityLibrary] AndroidManifest.xml:13:19-51
24    <uses-feature
24-->[:unityLibrary] AndroidManifest.xml:14:5-16:36
25        android:name="android.hardware.vulkan.version"
25-->[:unityLibrary] AndroidManifest.xml:15:9-55
26        android:required="false" />
26-->[:unityLibrary] AndroidManifest.xml:16:9-33
27    <uses-feature
27-->[:unityLibrary] AndroidManifest.xml:17:5-19:36
28        android:name="android.hardware.touchscreen"
28-->[:unityLibrary] AndroidManifest.xml:18:9-52
29        android:required="false" />
29-->[:unityLibrary] AndroidManifest.xml:19:9-33
30    <uses-feature
30-->[:unityLibrary] AndroidManifest.xml:20:5-22:36
31        android:name="android.hardware.touchscreen.multitouch"
31-->[:unityLibrary] AndroidManifest.xml:21:9-63
32        android:required="false" />
32-->[:unityLibrary] AndroidManifest.xml:22:9-33
33    <uses-feature
33-->[:unityLibrary] AndroidManifest.xml:23:5-25:36
34        android:name="android.hardware.touchscreen.multitouch.distinct"
34-->[:unityLibrary] AndroidManifest.xml:24:9-72
35        android:required="false" />
35-->[:unityLibrary] AndroidManifest.xml:25:9-33
36
37    <application
37-->src\main\AndroidManifest.xml:6:5-28:19
38        android:allowBackup="true"
38-->src\main\AndroidManifest.xml:7:9-35
39        android:appComponentFactory="androidx.core.app.CoreComponentFactory"
39-->[androidx.core:core:1.3.0] AndroidManifest.xml:24:18-86
40        android:debuggable="true"
41        android:extractNativeLibs="false"
42        android:icon="@mipmap/ic_launcher"
42-->src\main\AndroidManifest.xml:8:9-43
43        android:label="@string/app_name"
43-->src\main\AndroidManifest.xml:9:9-41
44        android:roundIcon="@mipmap/ic_launcher_round"
44-->src\main\AndroidManifest.xml:10:9-54
45        android:supportsRtl="true"
45-->src\main\AndroidManifest.xml:11:9-35
46        android:testOnly="true"
47        android:theme="@style/AppTheme" >
47-->src\main\AndroidManifest.xml:12:9-40
48        <activity android:name="com.example.a20qprojet.HomeActivity" >
48-->src\main\AndroidManifest.xml:14:9-16:20
48-->src\main\AndroidManifest.xml:14:19-47
49        </activity>
50        <activity android:name="com.example.a20qprojet.RegisterActivity" >
50-->src\main\AndroidManifest.xml:17:9-19:20
50-->src\main\AndroidManifest.xml:17:19-51
51        </activity>
52        <activity android:name="com.example.a20qprojet.UnityHolderActivity" />
52-->src\main\AndroidManifest.xml:20:9-57
52-->src\main\AndroidManifest.xml:20:19-54
53        <activity android:name="com.example.a20qprojet.LoginActivity" >
53-->src\main\AndroidManifest.xml:21:9-27:20
53-->src\main\AndroidManifest.xml:21:19-48
54            <intent-filter>
54-->src\main\AndroidManifest.xml:22:13-26:29
55                <action android:name="android.intent.action.MAIN" />
55-->src\main\AndroidManifest.xml:23:17-69
55-->src\main\AndroidManifest.xml:23:25-66
56
57                <category android:name="android.intent.category.LAUNCHER" />
57-->src\main\AndroidManifest.xml:25:17-77
57-->src\main\AndroidManifest.xml:25:27-74
58            </intent-filter>
59        </activity>
60        <activity
60-->[com.google.firebase:firebase-auth:19.2.0] AndroidManifest.xml:24:9-31:50
61            android:name="com.google.firebase.auth.internal.FederatedSignInActivity"
61-->[com.google.firebase:firebase-auth:19.2.0] AndroidManifest.xml:25:13-85
62            android:excludeFromRecents="true"
62-->[com.google.firebase:firebase-auth:19.2.0] AndroidManifest.xml:26:13-46
63            android:exported="true"
63-->[com.google.firebase:firebase-auth:19.2.0] AndroidManifest.xml:27:13-36
64            android:launchMode="singleTask"
64-->[com.google.firebase:firebase-auth:19.2.0] AndroidManifest.xml:28:13-44
65            android:permission="com.google.firebase.auth.api.gms.permission.LAUNCH_FEDERATED_SIGN_IN"
65-->[com.google.firebase:firebase-auth:19.2.0] AndroidManifest.xml:29:13-102
66            android:theme="@android:style/Theme.Translucent.NoTitleBar" />
66-->[com.google.firebase:firebase-auth:19.2.0] AndroidManifest.xml:30:13-72
67
68        <service
68-->[com.google.firebase:firebase-auth:19.2.0] AndroidManifest.xml:33:9-39:19
69            android:name="com.google.firebase.components.ComponentDiscoveryService"
69-->[com.google.firebase:firebase-auth:19.2.0] AndroidManifest.xml:34:13-84
70            android:directBootAware="true"
70-->[com.google.firebase:firebase-common:19.3.1] AndroidManifest.xml:35:13-43
71            android:exported="false" >
71-->[com.google.firebase:firebase-auth:19.2.0] AndroidManifest.xml:35:13-37
72            <meta-data
72-->[com.google.firebase:firebase-auth:19.2.0] AndroidManifest.xml:36:13-38:85
73                android:name="com.google.firebase.components:com.google.firebase.auth.FirebaseAuthRegistrar"
73-->[com.google.firebase:firebase-auth:19.2.0] AndroidManifest.xml:37:17-109
74                android:value="com.google.firebase.components.ComponentRegistrar" />
74-->[com.google.firebase:firebase-auth:19.2.0] AndroidManifest.xml:38:17-82
75            <meta-data
75-->[com.google.firebase:firebase-database:19.5.1] AndroidManifest.xml:32:13-34:85
76                android:name="com.google.firebase.components:com.google.firebase.database.DatabaseRegistrar"
76-->[com.google.firebase:firebase-database:19.5.1] AndroidManifest.xml:33:17-109
77                android:value="com.google.firebase.components.ComponentRegistrar" />
77-->[com.google.firebase:firebase-database:19.5.1] AndroidManifest.xml:34:17-82
78        </service>
79
80        <activity
80-->[:unityLibrary] AndroidManifest.xml:28:9-38:20
81            android:name="com.unity3d.player.UnityPlayerActivity"
81-->[:unityLibrary] AndroidManifest.xml:29:13-66
82            android:configChanges="mcc|mnc|locale|touchscreen|keyboard|keyboardHidden|navigation|orientation|screenLayout|uiMode|screenSize|smallestScreenSize|fontScale|layoutDirection|density"
82-->[:unityLibrary] AndroidManifest.xml:30:13-194
83            android:hardwareAccelerated="false"
83-->[:unityLibrary] AndroidManifest.xml:31:13-48
84            android:launchMode="singleTask"
84-->[:unityLibrary] AndroidManifest.xml:32:13-44
85            android:screenOrientation="fullSensor"
85-->[:unityLibrary] AndroidManifest.xml:33:13-51
86            android:theme="@style/UnityThemeSelector" >
86-->[:unityLibrary] AndroidManifest.xml:34:13-54
87            <meta-data
87-->[:unityLibrary] AndroidManifest.xml:35:13-37:40
88                android:name="unityplayer.UnityActivity"
88-->[:unityLibrary] AndroidManifest.xml:36:17-57
89                android:value="true" />
89-->[:unityLibrary] AndroidManifest.xml:37:17-37
90        </activity>
91
92        <meta-data
92-->[:unityLibrary] AndroidManifest.xml:40:9-42:33
93            android:name="unity.splash-mode"
93-->[:unityLibrary] AndroidManifest.xml:41:13-45
94            android:value="0" />
94-->[:unityLibrary] AndroidManifest.xml:42:13-30
95        <meta-data
95-->[:unityLibrary] AndroidManifest.xml:43:9-45:36
96            android:name="unity.splash-enable"
96-->[:unityLibrary] AndroidManifest.xml:44:13-47
97            android:value="True" />
97-->[:unityLibrary] AndroidManifest.xml:45:13-33
98        <meta-data
98-->[:unityLibrary] AndroidManifest.xml:46:9-48:68
99            android:name="unity.build-id"
99-->[:unityLibrary] AndroidManifest.xml:47:13-42
100            android:value="ccc4003d-0d24-406b-8fb1-527702f3411b" />
100-->[:unityLibrary] AndroidManifest.xml:48:13-65
101
102        <provider
102-->[com.google.firebase:firebase-common:19.3.1] AndroidManifest.xml:26:9-31:39
103            android:name="com.google.firebase.provider.FirebaseInitProvider"
103-->[com.google.firebase:firebase-common:19.3.1] AndroidManifest.xml:27:13-77
104            android:authorities="com.example.a20qprojet.firebaseinitprovider"
104-->[com.google.firebase:firebase-common:19.3.1] AndroidManifest.xml:28:13-72
105            android:directBootAware="true"
105-->[com.google.firebase:firebase-common:19.3.1] AndroidManifest.xml:29:13-43
106            android:exported="false"
106-->[com.google.firebase:firebase-common:19.3.1] AndroidManifest.xml:30:13-37
107            android:initOrder="100" />
107-->[com.google.firebase:firebase-common:19.3.1] AndroidManifest.xml:31:13-36
108
109        <activity
109-->[com.google.android.gms:play-services-base:17.1.0] AndroidManifest.xml:23:9-26:75
110            android:name="com.google.android.gms.common.api.GoogleApiActivity"
110-->[com.google.android.gms:play-services-base:17.1.0] AndroidManifest.xml:24:13-79
111            android:exported="false"
111-->[com.google.android.gms:play-services-base:17.1.0] AndroidManifest.xml:25:13-37
112            android:theme="@android:style/Theme.Translucent.NoTitleBar" />
112-->[com.google.android.gms:play-services-base:17.1.0] AndroidManifest.xml:26:13-72
113
114        <meta-data
114-->[com.google.android.gms:play-services-basement:17.0.0] AndroidManifest.xml:23:9-25:69
115            android:name="com.google.android.gms.version"
115-->[com.google.android.gms:play-services-basement:17.0.0] AndroidManifest.xml:24:13-58
116            android:value="@integer/google_play_services_version" />
116-->[com.google.android.gms:play-services-basement:17.0.0] AndroidManifest.xml:25:13-66
117    </application>
118
119</manifest>